[debug] [2024-03-30T15:43:00.227Z] ----------------------------------------------------------------------
[debug] [2024-03-30T15:43:00.233Z] Command:       C:\Program Files\nodejs\node.exe C:\Users\clmnb\AppData\Roaming\npm\node_modules\firebase-tools\lib\bin\firebase.js init
[debug] [2024-03-30T15:43:00.234Z] CLI Version:   13.0.3
[debug] [2024-03-30T15:43:00.234Z] Platform:      win32
[debug] [2024-03-30T15:43:00.235Z] Node Version:  v20.11.0
[debug] [2024-03-30T15:43:00.235Z] Time:          Sat Mar 30 2024 11:43:00 GMT-0400 (Eastern Daylight Time)
[debug] [2024-03-30T15:43:00.236Z] ----------------------------------------------------------------------
[debug] 
[debug] [2024-03-30T15:43:00.243Z] >>> [apiv2][query] GET https://firebase-public.firebaseio.com/cli.json [none]
[debug] [2024-03-30T15:43:00.435Z] > command requires scopes: ["email","openid","https://www.googleapis.com/auth/cloudplatformprojects.readonly","https://www.googleapis.com/auth/firebase","https://www.googleapis.com/auth/cloud-platform"]
[debug] [2024-03-30T15:43:00.436Z] > authorizing via signed-in user (colemanbarker@gmail.com)
[info] 
     ######## #### ########  ######## ########     ###     ######  ########
     ##        ##  ##     ## ##       ##     ##  ##   ##  ##       ##
     ######    ##  ########  ######   ########  #########  ######  ######
     ##        ##  ##    ##  ##       ##     ## ##     ##       ## ##
     ##       #### ##     ## ######## ########  ##     ##  ######  ########

You're about to initialize a Firebase project in this directory:

  C:\HackGGC24

Before we get started, keep in mind:

  * You are currently outside your home directory

[debug] [2024-03-30T15:43:00.560Z] <<< [apiv2][status] GET https://firebase-public.firebaseio.com/cli.json 200
[debug] [2024-03-30T15:43:00.561Z] <<< [apiv2][body] GET https://firebase-public.firebaseio.com/cli.json {"cloudBuildErrorAfter":1594252800000,"cloudBuildWarnAfter":1590019200000,"defaultNode10After":1594252800000,"minVersion":"3.0.5","node8DeploysDisabledAfter":1613390400000,"node8RuntimeDisabledAfter":1615809600000,"node8WarnAfter":1600128000000}
